{"/home/ganesd/Desktop/React/blinklist_app/src/components/atoms/Author/Author.tsx": {"path":"/home/ganesd/Desktop/React/blinklist_app/src/components/atoms/Author/Author.tsx","statementMap":{"0":{"start":{"line":10,"column":2},"end":{"line":14,"column":4}}},"fnMap":{"0":{"name":"Author","decl":{"start":{"line":9,"column":24},"end":{"line":9,"column":30}},"loc":{"start":{"line":9,"column":52},"end":{"line":15,"column":1}},"line":9}},"branchMap":{},"s":{"0":1},"f":{"0":1},"b":{},"_coverageSchema":"1a1c01bbd47fc00a2c39e90264f33305004495a9","hash":"0df47a62d04a4380afefe1d71906b3943b9cffc0"}
,"/home/ganesd/Desktop/React/blinklist_app/src/components/atoms/BookTitle/BookTitle.tsx": {"path":"/home/ganesd/Desktop/React/blinklist_app/src/components/atoms/BookTitle/BookTitle.tsx","statementMap":{"0":{"start":{"line":9,"column":2},"end":{"line":13,"column":4}}},"fnMap":{"0":{"name":"BookTitle","decl":{"start":{"line":8,"column":24},"end":{"line":8,"column":33}},"loc":{"start":{"line":8,"column":58},"end":{"line":14,"column":1}},"line":8}},"branchMap":{},"s":{"0":1},"f":{"0":1},"b":{},"_coverageSchema":"1a1c01bbd47fc00a2c39e90264f33305004495a9","hash":"276b4654d2bb4787812b93a04770bb10aee5e61b"}
,"/home/ganesd/Desktop/React/blinklist_app/src/components/atoms/ExploreContent/ExploreContent.tsx": {"path":"/home/ganesd/Desktop/React/blinklist_app/src/components/atoms/ExploreContent/ExploreContent.tsx","statementMap":{"0":{"start":{"line":4,"column":23},"end":{"line":16,"column":1}},"1":{"start":{"line":5,"column":2},"end":{"line":15,"column":4}}},"fnMap":{"0":{"name":"(anonymous_0)","decl":{"start":{"line":4,"column":23},"end":{"line":4,"column":24}},"loc":{"start":{"line":4,"column":29},"end":{"line":16,"column":1}},"line":4}},"branchMap":{},"s":{"0":1,"1":1},"f":{"0":1},"b":{},"_coverageSchema":"1a1c01bbd47fc00a2c39e90264f33305004495a9","hash":"1c2a45a50aa6ffa5e8933cdb94e61dad7fdd077d"}
,"/home/ganesd/Desktop/React/blinklist_app/src/components/atoms/ExploreTitle/ExploreTitle.tsx": {"path":"/home/ganesd/Desktop/React/blinklist_app/src/components/atoms/ExploreTitle/ExploreTitle.tsx","statementMap":{"0":{"start":{"line":4,"column":21},"end":{"line":10,"column":1}},"1":{"start":{"line":5,"column":2},"end":{"line":9,"column":4}}},"fnMap":{"0":{"name":"(anonymous_0)","decl":{"start":{"line":4,"column":21},"end":{"line":4,"column":22}},"loc":{"start":{"line":4,"column":27},"end":{"line":10,"column":1}},"line":4}},"branchMap":{},"s":{"0":1,"1":1},"f":{"0":1},"b":{},"_coverageSchema":"1a1c01bbd47fc00a2c39e90264f33305004495a9","hash":"61e77c802cfd8381285340acbcd8305b43b91a00"}
,"/home/ganesd/Desktop/React/blinklist_app/src/components/atoms/Footer/BlinkWithTag/BlinkWithTag.tsx": {"path":"/home/ganesd/Desktop/React/blinklist_app/src/components/atoms/Footer/BlinkWithTag/BlinkWithTag.tsx","statementMap":{"0":{"start":{"line":5,"column":21},"end":{"line":24,"column":1}},"1":{"start":{"line":6,"column":2},"end":{"line":23,"column":4}}},"fnMap":{"0":{"name":"(anonymous_0)","decl":{"start":{"line":5,"column":21},"end":{"line":5,"column":22}},"loc":{"start":{"line":5,"column":27},"end":{"line":24,"column":1}},"line":5}},"branchMap":{},"s":{"0":1,"1":1},"f":{"0":1},"b":{},"_coverageSchema":"1a1c01bbd47fc00a2c39e90264f33305004495a9","hash":"b4317675db7c41ed7976b57885b35c870767a217"}
,"/home/ganesd/Desktop/React/blinklist_app/src/components/atoms/Footer/CopyRight/FooterCopyRight.tsx": {"path":"/home/ganesd/Desktop/React/blinklist_app/src/components/atoms/Footer/CopyRight/FooterCopyRight.tsx","statementMap":{"0":{"start":{"line":4,"column":24},"end":{"line":10,"column":1}},"1":{"start":{"line":5,"column":2},"end":{"line":9,"column":4}}},"fnMap":{"0":{"name":"(anonymous_0)","decl":{"start":{"line":4,"column":24},"end":{"line":4,"column":25}},"loc":{"start":{"line":4,"column":30},"end":{"line":10,"column":1}},"line":4}},"branchMap":{},"s":{"0":1,"1":1},"f":{"0":1},"b":{},"_coverageSchema":"1a1c01bbd47fc00a2c39e90264f33305004495a9","hash":"c2ace171371d1dc1a13d5957605cd4bd29fa143e"}
,"/home/ganesd/Desktop/React/blinklist_app/src/components/atoms/Footer/Nav/NavHead/NavHead.tsx": {"path":"/home/ganesd/Desktop/React/blinklist_app/src/components/atoms/Footer/Nav/NavHead/NavHead.tsx","statementMap":{"0":{"start":{"line":8,"column":16},"end":{"line":16,"column":1}},"1":{"start":{"line":9,"column":2},"end":{"line":15,"column":4}}},"fnMap":{"0":{"name":"(anonymous_0)","decl":{"start":{"line":8,"column":16},"end":{"line":8,"column":17}},"loc":{"start":{"line":8,"column":40},"end":{"line":16,"column":1}},"line":8}},"branchMap":{},"s":{"0":1,"1":1},"f":{"0":1},"b":{},"_coverageSchema":"1a1c01bbd47fc00a2c39e90264f33305004495a9","hash":"e30257c44e4209a8e2d877a1d494865ae48170d9"}
,"/home/ganesd/Desktop/React/blinklist_app/src/components/atoms/Footer/Nav/NavItems/NavItems.tsx": {"path":"/home/ganesd/Desktop/React/blinklist_app/src/components/atoms/Footer/Nav/NavItems/NavItems.tsx","statementMap":{"0":{"start":{"line":8,"column":16},"end":{"line":21,"column":1}},"1":{"start":{"line":9,"column":2},"end":{"line":20,"column":4}}},"fnMap":{"0":{"name":"(anonymous_0)","decl":{"start":{"line":8,"column":16},"end":{"line":8,"column":17}},"loc":{"start":{"line":8,"column":40},"end":{"line":21,"column":1}},"line":8}},"branchMap":{},"s":{"0":1,"1":1},"f":{"0":1},"b":{},"_coverageSchema":"1a1c01bbd47fc00a2c39e90264f33305004495a9","hash":"b049583ffc467e526edd18246364d39164115803"}
,"/home/ganesd/Desktop/React/blinklist_app/src/components/atoms/Footer/Tagline/FooterHighlight.tsx": {"path":"/home/ganesd/Desktop/React/blinklist_app/src/components/atoms/Footer/Tagline/FooterHighlight.tsx","statementMap":{"0":{"start":{"line":4,"column":24},"end":{"line":12,"column":1}},"1":{"start":{"line":5,"column":2},"end":{"line":11,"column":4}}},"fnMap":{"0":{"name":"(anonymous_0)","decl":{"start":{"line":4,"column":24},"end":{"line":4,"column":25}},"loc":{"start":{"line":4,"column":30},"end":{"line":12,"column":1}},"line":4}},"branchMap":{},"s":{"0":2,"1":2},"f":{"0":2},"b":{},"_coverageSchema":"1a1c01bbd47fc00a2c39e90264f33305004495a9","hash":"18adb0d8b47a9d4d3908510550fe296c826d1ff8"}
,"/home/ganesd/Desktop/React/blinklist_app/src/components/atoms/Header/UserLogin/User.tsx": {"path":"/home/ganesd/Desktop/React/blinklist_app/src/components/atoms/Header/UserLogin/User.tsx","statementMap":{"0":{"start":{"line":5,"column":2},"end":{"line":9,"column":4}}},"fnMap":{"0":{"name":"User","decl":{"start":{"line":4,"column":24},"end":{"line":4,"column":28}},"loc":{"start":{"line":4,"column":31},"end":{"line":10,"column":1}},"line":4}},"branchMap":{},"s":{"0":1},"f":{"0":1},"b":{},"_coverageSchema":"1a1c01bbd47fc00a2c39e90264f33305004495a9","hash":"f6f710e43499790751674c0f303f924016a372c8"}
,"/home/ganesd/Desktop/React/blinklist_app/src/components/atoms/Link/Default/DefaultLink.tsx": {"path":"/home/ganesd/Desktop/React/blinklist_app/src/components/atoms/Link/Default/DefaultLink.tsx","statementMap":{"0":{"start":{"line":10,"column":32},"end":{"line":10,"column":37}},"1":{"start":{"line":11,"column":2},"end":{"line":15,"column":4}}},"fnMap":{"0":{"name":"DefaultLink","decl":{"start":{"line":9,"column":24},"end":{"line":9,"column":35}},"loc":{"start":{"line":9,"column":62},"end":{"line":16,"column":1}},"line":9}},"branchMap":{},"s":{"0":2,"1":1},"f":{"0":2},"b":{},"_coverageSchema":"1a1c01bbd47fc00a2c39e90264f33305004495a9","hash":"3015387b92077d8dc90b97146fa1e2b1b971323f"}
,"/home/ganesd/Desktop/React/blinklist_app/src/components/atoms/Link/withIcon/WithIcon.tsx": {"path":"/home/ganesd/Desktop/React/blinklist_app/src/components/atoms/Link/withIcon/WithIcon.tsx","statementMap":{"0":{"start":{"line":12,"column":41},"end":{"line":12,"column":46}},"1":{"start":{"line":13,"column":2},"end":{"line":33,"column":4}},"2":{"start":{"line":21,"column":10},"end":{"line":21,"column":31}}},"fnMap":{"0":{"name":"WithIcon","decl":{"start":{"line":11,"column":24},"end":{"line":11,"column":32}},"loc":{"start":{"line":11,"column":57},"end":{"line":34,"column":1}},"line":11},"1":{"name":"(anonymous_1)","decl":{"start":{"line":20,"column":17},"end":{"line":20,"column":18}},"loc":{"start":{"line":20,"column":23},"end":{"line":22,"column":9}},"line":20}},"branchMap":{"0":{"loc":{"start":{"line":26,"column":9},"end":{"line":30,"column":9}},"type":"cond-expr","locations":[{"start":{"line":27,"column":10},"end":{"line":27,"column":67}},{"start":{"line":29,"column":10},"end":{"line":29,"column":73}}],"line":26}},"s":{"0":4,"1":3,"2":1},"f":{"0":4,"1":1},"b":{"0":[1,2]},"_coverageSchema":"1a1c01bbd47fc00a2c39e90264f33305004495a9","hash":"90a795cc19c4e35a3791cf17daf9d197a1b03792"}
,"/home/ganesd/Desktop/React/blinklist_app/src/components/atoms/MyLibrary/MyLibrary.tsx": {"path":"/home/ganesd/Desktop/React/blinklist_app/src/components/atoms/MyLibrary/MyLibrary.tsx","statementMap":{"0":{"start":{"line":9,"column":18},"end":{"line":9,"column":29}},"1":{"start":{"line":10,"column":2},"end":{"line":16,"column":4}}},"fnMap":{"0":{"name":"MyLibrary","decl":{"start":{"line":8,"column":24},"end":{"line":8,"column":33}},"loc":{"start":{"line":8,"column":52},"end":{"line":17,"column":1}},"line":8}},"branchMap":{},"s":{"0":1,"1":1},"f":{"0":1},"b":{},"_coverageSchema":"1a1c01bbd47fc00a2c39e90264f33305004495a9","hash":"4704dcf339d3eb2b39be70e490a3ff8f6f1cc766"}
,"/home/ganesd/Desktop/React/blinklist_app/src/components/atoms/Person/Person.tsx": {"path":"/home/ganesd/Desktop/React/blinklist_app/src/components/atoms/Person/Person.tsx","statementMap":{"0":{"start":{"line":5,"column":2},"end":{"line":5,"column":66}}},"fnMap":{"0":{"name":"Person","decl":{"start":{"line":4,"column":24},"end":{"line":4,"column":30}},"loc":{"start":{"line":4,"column":33},"end":{"line":6,"column":1}},"line":4}},"branchMap":{},"s":{"0":1},"f":{"0":1},"b":{},"_coverageSchema":"1a1c01bbd47fc00a2c39e90264f33305004495a9","hash":"685ce9e2195c313ae6ce4ee8d85bf821ed19e86b"}
,"/home/ganesd/Desktop/React/blinklist_app/src/components/atoms/Search/Search.tsx": {"path":"/home/ganesd/Desktop/React/blinklist_app/src/components/atoms/Search/Search.tsx","statementMap":{"0":{"start":{"line":4,"column":40},"end":{"line":6,"column":1}},"1":{"start":{"line":5,"column":2},"end":{"line":5,"column":49}}},"fnMap":{"0":{"name":"(anonymous_0)","decl":{"start":{"line":4,"column":40},"end":{"line":4,"column":41}},"loc":{"start":{"line":4,"column":46},"end":{"line":6,"column":1}},"line":4}},"branchMap":{},"s":{"0":1,"1":1},"f":{"0":1},"b":{},"_coverageSchema":"1a1c01bbd47fc00a2c39e90264f33305004495a9","hash":"bf7a63a5901ca734bfaa2b87ab516335b27fc8f9"}
,"/home/ganesd/Desktop/React/blinklist_app/src/components/atoms/Timer/Timer.tsx": {"path":"/home/ganesd/Desktop/React/blinklist_app/src/components/atoms/Timer/Timer.tsx","statementMap":{"0":{"start":{"line":10,"column":2},"end":{"line":17,"column":4}}},"fnMap":{"0":{"name":"Timer","decl":{"start":{"line":9,"column":24},"end":{"line":9,"column":29}},"loc":{"start":{"line":9,"column":50},"end":{"line":18,"column":1}},"line":9}},"branchMap":{},"s":{"0":1},"f":{"0":1},"b":{},"_coverageSchema":"1a1c01bbd47fc00a2c39e90264f33305004495a9","hash":"7f17386586c7bcd432a2b7cbcad0a5b98999353b"}
,"/home/ganesd/Desktop/React/blinklist_app/src/components/atoms/TimerIcon/TimerIcon.tsx": {"path":"/home/ganesd/Desktop/React/blinklist_app/src/components/atoms/TimerIcon/TimerIcon.tsx","statementMap":{"0":{"start":{"line":5,"column":2},"end":{"line":10,"column":4}}},"fnMap":{"0":{"name":"TimerIcon","decl":{"start":{"line":4,"column":24},"end":{"line":4,"column":33}},"loc":{"start":{"line":4,"column":36},"end":{"line":11,"column":1}},"line":4}},"branchMap":{},"s":{"0":1},"f":{"0":1},"b":{},"_coverageSchema":"1a1c01bbd47fc00a2c39e90264f33305004495a9","hash":"9d56f1c590f081de87f699fe3df72a4729e3d0de"}
,"/home/ganesd/Desktop/React/blinklist_app/src/theme/index.tsx": {"path":"/home/ganesd/Desktop/React/blinklist_app/src/theme/index.tsx","statementMap":{"0":{"start":{"line":37,"column":14},"end":{"line":81,"column":2}},"1":{"start":{"line":84,"column":18},"end":{"line":212,"column":2}}},"fnMap":{},"branchMap":{},"s":{"0":1,"1":1},"f":{},"b":{},"_coverageSchema":"1a1c01bbd47fc00a2c39e90264f33305004495a9","hash":"8787ef9f3adc5d2dc7fc1d3754f93e35b1b3f5e2"}
}
