{"/home/ganesd/Desktop/React/blinklist_app/src/components/atoms/Author/Author.tsx": {"path":"/home/ganesd/Desktop/React/blinklist_app/src/components/atoms/Author/Author.tsx","statementMap":{"0":{"start":{"line":10,"column":2},"end":{"line":14,"column":4}}},"fnMap":{"0":{"name":"Author","decl":{"start":{"line":9,"column":24},"end":{"line":9,"column":30}},"loc":{"start":{"line":9,"column":52},"end":{"line":15,"column":1}},"line":9}},"branchMap":{},"s":{"0":0},"f":{"0":0},"b":{},"_coverageSchema":"1a1c01bbd47fc00a2c39e90264f33305004495a9","hash":"0df47a62d04a4380afefe1d71906b3943b9cffc0"}
,"/home/ganesd/Desktop/React/blinklist_app/src/components/atoms/BookTitle/BookTitle.tsx": {"path":"/home/ganesd/Desktop/React/blinklist_app/src/components/atoms/BookTitle/BookTitle.tsx","statementMap":{"0":{"start":{"line":9,"column":2},"end":{"line":13,"column":4}}},"fnMap":{"0":{"name":"BookTitle","decl":{"start":{"line":8,"column":24},"end":{"line":8,"column":33}},"loc":{"start":{"line":8,"column":58},"end":{"line":14,"column":1}},"line":8}},"branchMap":{},"s":{"0":0},"f":{"0":0},"b":{},"_coverageSchema":"1a1c01bbd47fc00a2c39e90264f33305004495a9","hash":"276b4654d2bb4787812b93a04770bb10aee5e61b"}
,"/home/ganesd/Desktop/React/blinklist_app/src/components/atoms/Person/Person.tsx": {"path":"/home/ganesd/Desktop/React/blinklist_app/src/components/atoms/Person/Person.tsx","statementMap":{"0":{"start":{"line":5,"column":2},"end":{"line":5,"column":66}}},"fnMap":{"0":{"name":"Person","decl":{"start":{"line":4,"column":24},"end":{"line":4,"column":30}},"loc":{"start":{"line":4,"column":33},"end":{"line":6,"column":1}},"line":4}},"branchMap":{},"s":{"0":0},"f":{"0":0},"b":{},"_coverageSchema":"1a1c01bbd47fc00a2c39e90264f33305004495a9","hash":"685ce9e2195c313ae6ce4ee8d85bf821ed19e86b"}
,"/home/ganesd/Desktop/React/blinklist_app/src/components/atoms/Timer/Timer.tsx": {"path":"/home/ganesd/Desktop/React/blinklist_app/src/components/atoms/Timer/Timer.tsx","statementMap":{"0":{"start":{"line":10,"column":2},"end":{"line":17,"column":4}}},"fnMap":{"0":{"name":"Timer","decl":{"start":{"line":9,"column":24},"end":{"line":9,"column":29}},"loc":{"start":{"line":9,"column":50},"end":{"line":18,"column":1}},"line":9}},"branchMap":{},"s":{"0":0},"f":{"0":0},"b":{},"_coverageSchema":"1a1c01bbd47fc00a2c39e90264f33305004495a9","hash":"7f17386586c7bcd432a2b7cbcad0a5b98999353b"}
,"/home/ganesd/Desktop/React/blinklist_app/src/components/atoms/TimerIcon/TimerIcon.tsx": {"path":"/home/ganesd/Desktop/React/blinklist_app/src/components/atoms/TimerIcon/TimerIcon.tsx","statementMap":{"0":{"start":{"line":5,"column":2},"end":{"line":10,"column":4}}},"fnMap":{"0":{"name":"TimerIcon","decl":{"start":{"line":4,"column":24},"end":{"line":4,"column":33}},"loc":{"start":{"line":4,"column":36},"end":{"line":11,"column":1}},"line":4}},"branchMap":{},"s":{"0":0},"f":{"0":0},"b":{},"_coverageSchema":"1a1c01bbd47fc00a2c39e90264f33305004495a9","hash":"9d56f1c590f081de87f699fe3df72a4729e3d0de"}
,"/home/ganesd/Desktop/React/blinklist_app/src/components/molecules/BookCard/DefaultBook/DefaultBookCard.tsx": {"path":"/home/ganesd/Desktop/React/blinklist_app/src/components/molecules/BookCard/DefaultBook/DefaultBookCard.tsx","statementMap":{"0":{"start":{"line":20,"column":2},"end":{"line":70,"column":4}}},"fnMap":{"0":{"name":"BookCard","decl":{"start":{"line":19,"column":24},"end":{"line":19,"column":32}},"loc":{"start":{"line":19,"column":56},"end":{"line":71,"column":1}},"line":19}},"branchMap":{"0":{"loc":{"start":{"line":53,"column":15},"end":{"line":55,"column":15}},"type":"binary-expr","locations":[{"start":{"line":53,"column":15},"end":{"line":53,"column":26}},{"start":{"line":54,"column":16},"end":{"line":54,"column":66}}],"line":53},"1":{"loc":{"start":{"line":60,"column":7},"end":{"line":64,"column":7}},"type":"binary-expr","locations":[{"start":{"line":60,"column":7},"end":{"line":60,"column":42}},{"start":{"line":61,"column":8},"end":{"line":63,"column":15}}],"line":60}},"s":{"0":0},"f":{"0":0},"b":{"0":[0,0],"1":[0,0]},"_coverageSchema":"1a1c01bbd47fc00a2c39e90264f33305004495a9","hash":"0755b33293a7021aa937c51c584982a2ced69ede"}
,"/home/ganesd/Desktop/React/blinklist_app/src/components/molecules/BookCard/ReadingBook/ReadingBook.tsx": {"path":"/home/ganesd/Desktop/React/blinklist_app/src/components/molecules/BookCard/ReadingBook/ReadingBook.tsx","statementMap":{"0":{"start":{"line":14,"column":2},"end":{"line":18,"column":4}}},"fnMap":{"0":{"name":"ReadingBook","decl":{"start":{"line":13,"column":24},"end":{"line":13,"column":35}},"loc":{"start":{"line":13,"column":62},"end":{"line":19,"column":1}},"line":13}},"branchMap":{},"s":{"0":0},"f":{"0":0},"b":{},"_coverageSchema":"1a1c01bbd47fc00a2c39e90264f33305004495a9","hash":"d0b3b2610d16fe57b10691bca9b044971881460b"}
,"/home/ganesd/Desktop/React/blinklist_app/src/components/molecules/DisplayTime/DisplayTime.tsx": {"path":"/home/ganesd/Desktop/React/blinklist_app/src/components/molecules/DisplayTime/DisplayTime.tsx","statementMap":{"0":{"start":{"line":10,"column":18},"end":{"line":10,"column":29}},"1":{"start":{"line":11,"column":2},"end":{"line":16,"column":4}}},"fnMap":{"0":{"name":"DisplayTime","decl":{"start":{"line":9,"column":24},"end":{"line":9,"column":35}},"loc":{"start":{"line":9,"column":62},"end":{"line":17,"column":1}},"line":9}},"branchMap":{},"s":{"0":0,"1":0},"f":{"0":0},"b":{},"_coverageSchema":"1a1c01bbd47fc00a2c39e90264f33305004495a9","hash":"a55fd748465250f88a16f7f13204eb3cc7e28c7a"}
,"/home/ganesd/Desktop/React/blinklist_app/src/components/molecules/Finished/Finished.tsx": {"path":"/home/ganesd/Desktop/React/blinklist_app/src/components/molecules/Finished/Finished.tsx","statementMap":{"0":{"start":{"line":7,"column":24},"end":{"line":26,"column":1}},"1":{"start":{"line":8,"column":2},"end":{"line":25,"column":11}},"2":{"start":{"line":20,"column":6},"end":{"line":20,"column":25}},"3":{"start":{"line":21,"column":6},"end":{"line":21,"column":34}}},"fnMap":{"0":{"name":"(anonymous_0)","decl":{"start":{"line":7,"column":24},"end":{"line":7,"column":25}},"loc":{"start":{"line":8,"column":2},"end":{"line":25,"column":11}},"line":8},"1":{"name":"(anonymous_1)","decl":{"start":{"line":19,"column":13},"end":{"line":19,"column":14}},"loc":{"start":{"line":19,"column":20},"end":{"line":22,"column":5}},"line":19}},"branchMap":{},"s":{"0":1,"1":0,"2":0,"3":0},"f":{"0":0,"1":0},"b":{},"_coverageSchema":"1a1c01bbd47fc00a2c39e90264f33305004495a9","hash":"576564473b3da1439167ceb59e6a6b797e8f18a9"}
,"/home/ganesd/Desktop/React/blinklist_app/src/components/molecules/View/View.tsx": {"path":"/home/ganesd/Desktop/React/blinklist_app/src/components/molecules/View/View.tsx","statementMap":{"0":{"start":{"line":11,"column":18},"end":{"line":11,"column":29}},"1":{"start":{"line":12,"column":2},"end":{"line":17,"column":4}}},"fnMap":{"0":{"name":"View","decl":{"start":{"line":10,"column":24},"end":{"line":10,"column":28}},"loc":{"start":{"line":10,"column":48},"end":{"line":18,"column":1}},"line":10}},"branchMap":{},"s":{"0":0,"1":0},"f":{"0":0},"b":{},"_coverageSchema":"1a1c01bbd47fc00a2c39e90264f33305004495a9","hash":"7c011bf8beef485d6ea9ad4260a0755db8c41517"}
,"/home/ganesd/Desktop/React/blinklist_app/src/components/organisms/BookGrid/BookGrid.tsx": {"path":"/home/ganesd/Desktop/React/blinklist_app/src/components/organisms/BookGrid/BookGrid.tsx","statementMap":{"0":{"start":{"line":17,"column":16},"end":{"line":32,"column":4}},"1":{"start":{"line":18,"column":4},"end":{"line":31,"column":6}},"2":{"start":{"line":33,"column":2},"end":{"line":43,"column":4}}},"fnMap":{"0":{"name":"BookGrid","decl":{"start":{"line":16,"column":24},"end":{"line":16,"column":32}},"loc":{"start":{"line":16,"column":56},"end":{"line":44,"column":1}},"line":16},"1":{"name":"(anonymous_1)","decl":{"start":{"line":17,"column":35},"end":{"line":17,"column":36}},"loc":{"start":{"line":17,"column":45},"end":{"line":32,"column":3}},"line":17}},"branchMap":{},"s":{"0":4,"1":0,"2":1},"f":{"0":4,"1":0},"b":{},"_coverageSchema":"1a1c01bbd47fc00a2c39e90264f33305004495a9","hash":"853000d1de28fd91715a837e6e1ae0ed3108e951"}
,"/home/ganesd/Desktop/React/blinklist_app/src/components/organisms/CurrentlyReadingGrid/CurrentlyReadingGrid.tsx": {"path":"/home/ganesd/Desktop/React/blinklist_app/src/components/organisms/CurrentlyReadingGrid/CurrentlyReadingGrid.tsx","statementMap":{"0":{"start":{"line":7,"column":55},"end":{"line":7,"column":73}},"1":{"start":{"line":8,"column":2},"end":{"line":14,"column":9}},"2":{"start":{"line":9,"column":4},"end":{"line":13,"column":7}},"3":{"start":{"line":10,"column":19},"end":{"line":10,"column":27}},"4":{"start":{"line":11,"column":6},"end":{"line":11,"column":24}},"5":{"start":{"line":12,"column":6},"end":{"line":12,"column":37}},"6":{"start":{"line":15,"column":22},"end":{"line":38,"column":3}},"7":{"start":{"line":16,"column":27},"end":{"line":18,"column":6}},"8":{"start":{"line":17,"column":6},"end":{"line":17,"column":36}},"9":{"start":{"line":19,"column":4},"end":{"line":19,"column":45}},"10":{"start":{"line":20,"column":28},"end":{"line":22,"column":6}},"11":{"start":{"line":21,"column":6},"end":{"line":21,"column":36}},"12":{"start":{"line":23,"column":4},"end":{"line":28,"column":9}},"13":{"start":{"line":26,"column":8},"end":{"line":26,"column":25}},"14":{"start":{"line":27,"column":8},"end":{"line":27,"column":30}},"15":{"start":{"line":30,"column":4},"end":{"line":37,"column":9}},"16":{"start":{"line":33,"column":8},"end":{"line":33,"column":30}},"17":{"start":{"line":36,"column":8},"end":{"line":36,"column":27}},"18":{"start":{"line":39,"column":2},"end":{"line":44,"column":4}}},"fnMap":{"0":{"name":"CurrentlyReadingGrid","decl":{"start":{"line":6,"column":24},"end":{"line":6,"column":44}},"loc":{"start":{"line":6,"column":47},"end":{"line":45,"column":1}},"line":6},"1":{"name":"(anonymous_1)","decl":{"start":{"line":8,"column":18},"end":{"line":8,"column":19}},"loc":{"start":{"line":8,"column":24},"end":{"line":14,"column":3}},"line":8},"2":{"name":"(anonymous_2)","decl":{"start":{"line":9,"column":50},"end":{"line":9,"column":51}},"loc":{"start":{"line":9,"column":59},"end":{"line":13,"column":5}},"line":9},"3":{"name":"(anonymous_3)","decl":{"start":{"line":15,"column":22},"end":{"line":15,"column":23}},"loc":{"start":{"line":15,"column":46},"end":{"line":38,"column":3}},"line":15},"4":{"name":"(anonymous_4)","decl":{"start":{"line":16,"column":51},"end":{"line":16,"column":52}},"loc":{"start":{"line":16,"column":69},"end":{"line":18,"column":5}},"line":16},"5":{"name":"(anonymous_5)","decl":{"start":{"line":20,"column":50},"end":{"line":20,"column":51}},"loc":{"start":{"line":20,"column":68},"end":{"line":22,"column":5}},"line":20},"6":{"name":"(anonymous_6)","decl":{"start":{"line":25,"column":12},"end":{"line":25,"column":13}},"loc":{"start":{"line":25,"column":21},"end":{"line":28,"column":7}},"line":25},"7":{"name":"(anonymous_7)","decl":{"start":{"line":32,"column":12},"end":{"line":32,"column":13}},"loc":{"start":{"line":32,"column":21},"end":{"line":34,"column":7}},"line":32},"8":{"name":"(anonymous_8)","decl":{"start":{"line":35,"column":13},"end":{"line":35,"column":14}},"loc":{"start":{"line":35,"column":24},"end":{"line":37,"column":7}},"line":35}},"branchMap":{},"s":{"0":3,"1":2,"2":1,"3":1,"4":1,"5":1,"6":2,"7":0,"8":0,"9":0,"10":0,"11":0,"12":0,"13":0,"14":0,"15":0,"16":0,"17":0,"18":2},"f":{"0":3,"1":1,"2":1,"3":0,"4":0,"5":0,"6":0,"7":0,"8":0},"b":{},"_coverageSchema":"1a1c01bbd47fc00a2c39e90264f33305004495a9","hash":"4be691f50d0dfe84e90d61e59ee74a0a48521395"}
,"/home/ganesd/Desktop/React/blinklist_app/src/theme/index.tsx": {"path":"/home/ganesd/Desktop/React/blinklist_app/src/theme/index.tsx","statementMap":{"0":{"start":{"line":37,"column":14},"end":{"line":81,"column":2}},"1":{"start":{"line":84,"column":18},"end":{"line":212,"column":2}}},"fnMap":{},"branchMap":{},"s":{"0":1,"1":1},"f":{},"b":{},"_coverageSchema":"1a1c01bbd47fc00a2c39e90264f33305004495a9","hash":"8787ef9f3adc5d2dc7fc1d3754f93e35b1b3f5e2"}
}
