TN:
SF:src/components/db.tsx
FNF:0
FNH:0
DA:7,1
DA:87,1
DA:134,1
DA:162,1
DA:186,1
LF:5
LH:5
BRF:0
BRH:0
end_of_record
TN:
SF:src/components/atoms/Author/Author.tsx
FN:9,Author
FNF:1
FNH:1
FNDA:20,Author
DA:10,20
LF:1
LH:1
BRF:0
BRH:0
end_of_record
TN:
SF:src/components/atoms/BookTitle/BookTitle.tsx
FN:8,BookTitle
FNF:1
FNH:1
FNDA:14,BookTitle
DA:9,14
LF:1
LH:1
BRF:0
BRH:0
end_of_record
TN:
SF:src/components/atoms/ExploreContent/ExploreContent.tsx
FN:4,(anonymous_0)
FNF:1
FNH:1
FNDA:3,(anonymous_0)
DA:4,3
DA:5,3
LF:2
LH:2
BRF:0
BRH:0
end_of_record
TN:
SF:src/components/atoms/ExploreTitle/ExploreTitle.tsx
FN:4,(anonymous_0)
FNF:1
FNH:1
FNDA:3,(anonymous_0)
DA:4,3
DA:5,3
LF:2
LH:2
BRF:0
BRH:0
end_of_record
TN:
SF:src/components/atoms/Footer/BlinkWithTag/BlinkWithTag.tsx
FN:5,(anonymous_0)
FNF:1
FNH:1
FNDA:3,(anonymous_0)
DA:5,3
DA:6,3
LF:2
LH:2
BRF:0
BRH:0
end_of_record
TN:
SF:src/components/atoms/Footer/CopyRight/FooterCopyRight.tsx
FN:4,(anonymous_0)
FNF:1
FNH:1
FNDA:3,(anonymous_0)
DA:4,3
DA:5,3
LF:2
LH:2
BRF:0
BRH:0
end_of_record
TN:
SF:src/components/atoms/Footer/Nav/NavHead/NavHead.tsx
FN:8,(anonymous_0)
FNF:1
FNH:1
FNDA:10,(anonymous_0)
DA:8,6
DA:9,10
LF:2
LH:2
BRF:0
BRH:0
end_of_record
TN:
SF:src/components/atoms/Footer/Nav/NavItems/NavItems.tsx
FN:8,(anonymous_0)
FNF:1
FNH:1
FNDA:40,(anonymous_0)
DA:8,6
DA:9,40
LF:2
LH:2
BRF:0
BRH:0
end_of_record
TN:
SF:src/components/atoms/Footer/Tagline/FooterHighlight.tsx
FN:4,(anonymous_0)
FNF:1
FNH:1
FNDA:4,(anonymous_0)
DA:4,4
DA:5,4
LF:2
LH:2
BRF:0
BRH:0
end_of_record
TN:
SF:src/components/atoms/Header/UserLogin/User.tsx
FN:4,User
FNF:1
FNH:1
FNDA:6,User
DA:5,6
LF:1
LH:1
BRF:0
BRH:0
end_of_record
TN:
SF:src/components/atoms/Link/Default/DefaultLink.tsx
FN:9,DefaultLink
FNF:1
FNH:1
FNDA:6,DefaultLink
DA:10,6
DA:11,5
LF:2
LH:2
BRF:0
BRH:0
end_of_record
TN:
SF:src/components/atoms/Link/withIcon/WithIcon.tsx
FN:11,WithIcon
FN:20,(anonymous_1)
FNF:2
FNH:2
FNDA:10,WithIcon
FNDA:1,(anonymous_1)
DA:12,10
DA:13,7
DA:21,1
LF:3
LH:3
BRDA:26,0,0,1
BRDA:26,0,1,6
BRF:2
BRH:2
end_of_record
TN:
SF:src/components/atoms/MyLibrary/MyLibrary.tsx
FN:8,MyLibrary
FNF:1
FNH:1
FNDA:1,MyLibrary
DA:9,1
DA:10,1
LF:2
LH:2
BRF:0
BRH:0
end_of_record
TN:
SF:src/components/atoms/Person/Person.tsx
FN:4,Person
FNF:1
FNH:1
FNDA:8,Person
DA:5,8
LF:1
LH:1
BRF:0
BRH:0
end_of_record
TN:
SF:src/components/atoms/Search/Search.tsx
FN:4,(anonymous_0)
FNF:1
FNH:1
FNDA:7,(anonymous_0)
DA:4,4
DA:5,7
LF:2
LH:2
BRF:0
BRH:0
end_of_record
TN:
SF:src/components/atoms/Timer/Timer.tsx
FN:9,Timer
FNF:1
FNH:1
FNDA:28,Timer
DA:10,28
LF:1
LH:1
BRF:0
BRH:0
end_of_record
TN:
SF:src/components/atoms/TimerIcon/TimerIcon.tsx
FN:4,TimerIcon
FNF:1
FNH:1
FNDA:21,TimerIcon
DA:5,21
LF:1
LH:1
BRF:0
BRH:0
end_of_record
TN:
SF:src/components/molecules/Banner/Banner.tsx
FN:5,(anonymous_0)
FNF:1
FNH:1
FNDA:2,(anonymous_0)
DA:5,2
DA:6,2
LF:2
LH:2
BRF:0
BRH:0
end_of_record
TN:
SF:src/components/molecules/BookCard/AddToLibrary/AddToLibrary.tsx
FN:8,AddToLibrary
FN:14,(anonymous_1)
FNF:2
FNH:2
FNDA:2,AddToLibrary
FNDA:1,(anonymous_1)
DA:9,2
DA:10,2
DA:14,1
LF:3
LH:3
BRF:0
BRH:0
end_of_record
TN:
SF:src/components/molecules/BookCard/DefaultBook/DefaultBookCard.tsx
FN:19,BookCard
FNF:1
FNH:1
FNDA:13,BookCard
DA:20,13
LF:1
LH:1
BRDA:53,0,0,13
BRDA:53,0,1,6
BRDA:60,1,0,13
BRDA:60,1,1,12
BRF:4
BRH:4
end_of_record
TN:
SF:src/components/molecules/BookCard/ReadingBook/ReadingBook.tsx
FN:13,ReadingBook
FNF:1
FNH:1
FNDA:10,ReadingBook
DA:14,10
LF:1
LH:1
BRF:0
BRH:0
end_of_record
TN:
SF:src/components/molecules/BookDetail/BookDetail.tsx
FN:9,BookDetail
FN:45,(anonymous_1)
FNF:2
FNH:2
FNDA:6,BookDetail
FNDA:1,(anonymous_1)
DA:10,6
DA:11,6
DA:46,1
LF:3
LH:3
BRF:0
BRH:0
end_of_record
TN:
SF:src/components/molecules/DisplayTime/DisplayTime.tsx
FN:9,DisplayTime
FNF:1
FNH:1
FNDA:20,DisplayTime
DA:10,20
DA:11,20
LF:2
LH:2
BRF:0
BRH:0
end_of_record
TN:
SF:src/components/molecules/ExploreHeader/ExploreHeader.tsx
FN:3,(anonymous_0)
FNF:1
FNH:1
FNDA:6,(anonymous_0)
DA:3,4
DA:4,6
LF:2
LH:2
BRF:0
BRH:0
end_of_record
TN:
SF:src/components/molecules/ExploreMenu/ExploreMenuItem.tsx
FN:11,ExploreMenuItem
FN:16,(anonymous_1)
FNF:2
FNH:2
FNDA:92,ExploreMenuItem
FNDA:1,(anonymous_1)
DA:12,92
DA:13,92
DA:17,1
LF:3
LH:3
BRF:0
BRH:0
end_of_record
TN:
SF:src/components/molecules/Finished/Finished.tsx
FN:7,(anonymous_0)
FN:19,(anonymous_1)
FNF:2
FNH:2
FNDA:11,(anonymous_0)
FNDA:1,(anonymous_1)
DA:7,2
DA:8,11
DA:20,1
DA:21,1
LF:4
LH:4
BRF:0
BRH:0
end_of_record
TN:
SF:src/components/molecules/Footer/NavLinks1/NavLinks1.tsx
FN:13,(anonymous_0)
FN:24,(anonymous_1)
FNF:2
FNH:2
FNDA:3,(anonymous_0)
FNDA:12,(anonymous_1)
DA:6,3
DA:13,3
DA:14,3
DA:25,12
LF:4
LH:4
BRF:0
BRH:0
end_of_record
TN:
SF:src/components/molecules/Footer/NavLinks2/NavLinks2.tsx
FN:14,(anonymous_0)
FN:26,(anonymous_1)
FNF:2
FNH:2
FNDA:3,(anonymous_0)
FNDA:15,(anonymous_1)
DA:6,3
DA:14,3
DA:15,3
DA:27,15
LF:4
LH:4
BRF:0
BRH:0
end_of_record
TN:
SF:src/components/molecules/Footer/NavLinks3/NavLinks3.tsx
FN:7,(anonymous_0)
FN:19,(anonymous_1)
FNF:2
FNH:2
FNDA:3,(anonymous_0)
FNDA:12,(anonymous_1)
DA:5,3
DA:7,3
DA:8,3
DA:20,12
LF:4
LH:4
BRF:0
BRH:0
end_of_record
TN:
SF:src/components/molecules/FullBanner/FullBanner.tsx
FN:7,(anonymous_0)
FNF:1
FNH:1
FNDA:1,(anonymous_0)
DA:7,1
DA:8,1
DA:9,1
LF:3
LH:3
BRF:0
BRH:0
end_of_record
TN:
SF:src/components/molecules/MyLibraryToggle/MyLibraryToggle.tsx
FN:12,MyLibraryToggle
FN:28,(anonymous_1)
FN:45,(anonymous_2)
FNF:3
FNH:3
FNDA:5,MyLibraryToggle
FNDA:1,(anonymous_1)
FNDA:1,(anonymous_2)
DA:13,5
DA:14,5
DA:15,5
DA:17,5
DA:29,1
DA:30,1
DA:46,1
DA:47,1
LF:8
LH:8
BRDA:33,0,0,2
BRDA:33,0,1,3
BRDA:33,1,0,5
BRDA:33,1,1,0
BRDA:33,1,2,5
BRDA:50,2,0,1
BRDA:50,2,1,4
BRDA:50,3,0,5
BRDA:50,3,1,5
BRF:9
BRH:8
end_of_record
TN:
SF:src/components/molecules/ReadAgain/ReadAgain.tsx
FN:8,(anonymous_0)
FN:20,(anonymous_1)
FNF:2
FNH:2
FNDA:2,(anonymous_0)
FNDA:1,(anonymous_1)
DA:8,1
DA:9,2
DA:21,1
DA:22,1
LF:4
LH:4
BRF:0
BRH:0
end_of_record
TN:
SF:src/components/molecules/SearchBox/SearchBox.tsx
FN:4,(anonymous_0)
FNF:1
FNH:1
FNDA:2,(anonymous_0)
DA:4,1
DA:5,2
DA:6,2
LF:3
LH:3
BRF:0
BRH:0
end_of_record
TN:
SF:src/components/molecules/ToggleTabs/ToggleTabs.tsx
FN:11,ToggleTabs
FN:18,(anonymous_1)
FN:27,(anonymous_2)
FN:34,(anonymous_3)
FNF:4
FNH:4
FNDA:7,ToggleTabs
FNDA:1,(anonymous_1)
FNDA:1,(anonymous_2)
FNDA:1,(anonymous_3)
DA:12,7
DA:14,7
DA:18,1
DA:27,1
DA:34,1
LF:5
LH:5
BRDA:20,0,0,3
BRDA:20,0,1,4
BRDA:28,1,0,0
BRDA:28,1,1,7
BRDA:35,2,0,4
BRDA:35,2,1,3
BRF:6
BRH:5
end_of_record
TN:
SF:src/components/molecules/UserLoggedIn/UserLoggedIn.tsx
FN:5,UserLoggedIn
FNF:1
FNH:1
FNDA:5,UserLoggedIn
DA:6,5
DA:7,5
LF:2
LH:2
BRF:0
BRH:0
end_of_record
TN:
SF:src/components/molecules/View/View.tsx
FN:10,View
FNF:1
FNH:1
FNDA:7,View
DA:11,7
DA:12,7
LF:2
LH:2
BRF:0
BRH:0
end_of_record
TN:
SF:src/components/organisms/BookDetailGrid/BookDetailGrid.tsx
FN:6,BookDetailGrid
FN:35,(anonymous_1)
FNF:2
FNH:1
FNDA:3,BookDetailGrid
FNDA:0,(anonymous_1)
DA:7,3
DA:12,3
DA:18,3
DA:35,0
LF:4
LH:3
BRDA:44,0,0,3
BRDA:44,0,1,0
BRDA:46,1,0,0
BRDA:46,1,1,0
BRF:4
BRH:1
end_of_record
TN:
SF:src/components/organisms/BookGrid/BookGrid.tsx
FN:16,BookGrid
FN:17,(anonymous_1)
FNF:2
FNH:2
FNDA:2,BookGrid
FNDA:9,(anonymous_1)
DA:17,2
DA:18,9
DA:33,1
LF:3
LH:3
BRF:0
BRH:0
end_of_record
TN:
SF:src/components/organisms/ExploreCard/ExploreCard.tsx
FN:48,(anonymous_0)
FN:49,(anonymous_1)
FN:73,(anonymous_2)
FNF:3
FNH:3
FNDA:8,(anonymous_0)
FNDA:93,(anonymous_1)
FNDA:90,(anonymous_2)
DA:23,3
DA:48,3
DA:49,8
DA:50,93
DA:59,5
DA:74,90
LF:6
LH:6
BRF:0
BRH:0
end_of_record
TN:
SF:src/components/organisms/Footer/Footer.tsx
FN:9,Footer
FNF:1
FNH:1
FNDA:2,Footer
DA:10,2
LF:1
LH:1
BRF:0
BRH:0
end_of_record
TN:
SF:src/components/organisms/Headers/Headers.tsx
FN:16,Headers
FN:40,(anonymous_1)
FN:47,(anonymous_2)
FN:61,(anonymous_3)
FNF:4
FNH:1
FNDA:6,Headers
FNDA:0,(anonymous_1)
FNDA:0,(anonymous_2)
FNDA:0,(anonymous_3)
DA:17,6
DA:18,4
DA:19,4
DA:20,4
DA:40,0
DA:47,0
DA:61,0
LF:7
LH:4
BRDA:58,0,0,0
BRDA:58,0,1,4
BRF:2
BRH:1
end_of_record
TN:
SF:src/components/template/index.tsx
FN:11,Template
FNF:1
FNH:1
FNDA:2,Template
DA:12,2
LF:1
LH:1
BRF:0
BRH:0
end_of_record
TN:
SF:src/theme/index.tsx
FNF:0
FNH:0
DA:37,18
DA:84,18
LF:2
LH:2
BRF:0
BRH:0
end_of_record
