TN:
SF:src/App.tsx
FN:12,App
FNF:1
FNH:1
FNDA:1,App
DA:13,1
DA:14,1
DA:15,1
DA:25,0
DA:26,0
DA:50,0
LF:6
LH:3
BRDA:14,0,0,1
BRDA:14,0,1,0
BRDA:25,1,0,0
BRDA:25,1,1,0
BRF:4
BRH:1
end_of_record
TN:
SF:src/components/db.tsx
FNF:0
FNH:0
DA:7,1
DA:87,1
DA:134,1
DA:162,1
DA:186,1
LF:5
LH:5
BRF:0
BRH:0
end_of_record
TN:
SF:src/components/atoms/Author/Author.tsx
FN:9,Author
FNF:1
FNH:1
FNDA:21,Author
DA:10,21
LF:1
LH:1
BRF:0
BRH:0
end_of_record
TN:
SF:src/components/atoms/BookTitle/BookTitle.tsx
FN:8,BookTitle
FNF:1
FNH:1
FNDA:14,BookTitle
DA:9,14
LF:1
LH:1
BRF:0
BRH:0
end_of_record
TN:
SF:src/components/atoms/ExploreContent/ExploreContent.tsx
FN:4,(anonymous_0)
FNF:1
FNH:1
FNDA:4,(anonymous_0)
DA:4,5
DA:5,4
LF:2
LH:2
BRF:0
BRH:0
end_of_record
TN:
SF:src/components/atoms/ExploreTitle/ExploreTitle.tsx
FN:4,(anonymous_0)
FNF:1
FNH:1
FNDA:4,(anonymous_0)
DA:4,5
DA:5,4
LF:2
LH:2
BRF:0
BRH:0
end_of_record
TN:
SF:src/components/atoms/Footer/BlinkWithTag/BlinkWithTag.tsx
FN:5,(anonymous_0)
FNF:1
FNH:1
FNDA:6,(anonymous_0)
DA:5,7
DA:6,6
LF:2
LH:2
BRF:0
BRH:0
end_of_record
TN:
SF:src/components/atoms/Footer/CopyRight/FooterCopyRight.tsx
FN:4,(anonymous_0)
FNF:1
FNH:1
FNDA:6,(anonymous_0)
DA:4,7
DA:5,6
LF:2
LH:2
BRF:0
BRH:0
end_of_record
TN:
SF:src/components/atoms/Footer/Nav/NavHead/NavHead.tsx
FN:8,(anonymous_0)
FNF:1
FNH:1
FNDA:19,(anonymous_0)
DA:8,10
DA:9,19
LF:2
LH:2
BRF:0
BRH:0
end_of_record
TN:
SF:src/components/atoms/Footer/Nav/NavItems/NavItems.tsx
FN:8,(anonymous_0)
FNF:1
FNH:1
FNDA:79,(anonymous_0)
DA:8,10
DA:9,79
LF:2
LH:2
BRF:0
BRH:0
end_of_record
TN:
SF:src/components/atoms/Footer/Tagline/FooterHighlight.tsx
FN:4,(anonymous_0)
FNF:1
FNH:1
FNDA:7,(anonymous_0)
DA:4,8
DA:5,7
LF:2
LH:2
BRF:0
BRH:0
end_of_record
TN:
SF:src/components/atoms/Header/UserLogin/User.tsx
FN:4,User
FNF:1
FNH:1
FNDA:11,User
DA:5,11
LF:1
LH:1
BRF:0
BRH:0
end_of_record
TN:
SF:src/components/atoms/Link/Default/DefaultLink.tsx
FN:9,DefaultLink
FNF:1
FNH:1
FNDA:9,DefaultLink
DA:10,9
DA:11,8
LF:2
LH:2
BRF:0
BRH:0
end_of_record
TN:
SF:src/components/atoms/Link/withIcon/WithIcon.tsx
FN:11,WithIcon
FN:20,(anonymous_1)
FNF:2
FNH:2
FNDA:16,WithIcon
FNDA:1,(anonymous_1)
DA:12,16
DA:13,10
DA:21,1
LF:3
LH:3
BRDA:26,0,0,1
BRDA:26,0,1,9
BRF:2
BRH:2
end_of_record
TN:
SF:src/components/atoms/MyLibrary/MyLibrary.tsx
FN:8,MyLibrary
FNF:1
FNH:1
FNDA:20,MyLibrary
DA:9,20
DA:10,20
LF:2
LH:2
BRF:0
BRH:0
end_of_record
TN:
SF:src/components/atoms/Person/Person.tsx
FN:4,Person
FNF:1
FNH:1
FNDA:8,Person
DA:5,8
LF:1
LH:1
BRF:0
BRH:0
end_of_record
TN:
SF:src/components/atoms/Search/Search.tsx
FN:4,(anonymous_0)
FNF:1
FNH:1
FNDA:11,(anonymous_0)
DA:4,8
DA:5,11
LF:2
LH:2
BRF:0
BRH:0
end_of_record
TN:
SF:src/components/atoms/Timer/Timer.tsx
FN:9,Timer
FNF:1
FNH:1
FNDA:29,Timer
DA:10,29
LF:1
LH:1
BRF:0
BRH:0
end_of_record
TN:
SF:src/components/atoms/TimerIcon/TimerIcon.tsx
FN:4,TimerIcon
FNF:1
FNH:1
FNDA:22,TimerIcon
DA:5,22
LF:1
LH:1
BRF:0
BRH:0
end_of_record
TN:
SF:src/components/molecules/Banner/Banner.tsx
FN:5,(anonymous_0)
FNF:1
FNH:1
FNDA:3,(anonymous_0)
DA:5,4
DA:6,3
LF:2
LH:2
BRF:0
BRH:0
end_of_record
TN:
SF:src/components/molecules/BookCard/AddToLibrary/AddToLibrary.tsx
FN:8,AddToLibrary
FN:14,(anonymous_1)
FNF:2
FNH:2
FNDA:2,AddToLibrary
FNDA:1,(anonymous_1)
DA:9,2
DA:10,2
DA:14,1
LF:3
LH:3
BRF:0
BRH:0
end_of_record
TN:
SF:src/components/molecules/BookCard/DefaultBook/DefaultBookCard.tsx
FN:19,BookCard
FNF:1
FNH:1
FNDA:13,BookCard
DA:20,13
LF:1
LH:1
BRDA:53,0,0,13
BRDA:53,0,1,6
BRDA:60,1,0,13
BRDA:60,1,1,12
BRF:4
BRH:4
end_of_record
TN:
SF:src/components/molecules/BookCard/ReadingBook/ReadingBook.tsx
FN:13,ReadingBook
FNF:1
FNH:1
FNDA:10,ReadingBook
DA:14,10
LF:1
LH:1
BRF:0
BRH:0
end_of_record
TN:
SF:src/components/molecules/BookDetail/BookDetail.tsx
FN:9,BookDetail
FN:45,(anonymous_1)
FNF:2
FNH:2
FNDA:7,BookDetail
FNDA:1,(anonymous_1)
DA:10,7
DA:11,7
DA:46,1
LF:3
LH:3
BRF:0
BRH:0
end_of_record
TN:
SF:src/components/molecules/DisplayTime/DisplayTime.tsx
FN:9,DisplayTime
FNF:1
FNH:1
FNDA:21,DisplayTime
DA:10,21
DA:11,21
LF:2
LH:2
BRF:0
BRH:0
end_of_record
TN:
SF:src/components/molecules/ExploreHeader/ExploreHeader.tsx
FN:3,(anonymous_0)
FNF:1
FNH:1
FNDA:9,(anonymous_0)
DA:3,8
DA:4,9
LF:2
LH:2
BRF:0
BRH:0
end_of_record
TN:
SF:src/components/molecules/ExploreMenu/ExploreMenuItem.tsx
FN:11,ExploreMenuItem
FN:16,(anonymous_1)
FNF:2
FNH:2
FNDA:146,ExploreMenuItem
FNDA:1,(anonymous_1)
DA:12,146
DA:13,146
DA:17,1
LF:3
LH:3
BRF:0
BRH:0
end_of_record
TN:
SF:src/components/molecules/Finished/Finished.tsx
FN:7,(anonymous_0)
FN:19,(anonymous_1)
FNF:2
FNH:2
FNDA:11,(anonymous_0)
FNDA:1,(anonymous_1)
DA:7,4
DA:8,11
DA:20,1
DA:21,1
LF:4
LH:4
BRF:0
BRH:0
end_of_record
TN:
SF:src/components/molecules/Footer/NavLinks1/NavLinks1.tsx
FN:13,(anonymous_0)
FN:24,(anonymous_1)
FNF:2
FNH:2
FNDA:6,(anonymous_0)
FNDA:24,(anonymous_1)
DA:6,7
DA:13,7
DA:14,6
DA:25,24
LF:4
LH:4
BRF:0
BRH:0
end_of_record
TN:
SF:src/components/molecules/Footer/NavLinks2/NavLinks2.tsx
FN:14,(anonymous_0)
FN:26,(anonymous_1)
FNF:2
FNH:2
FNDA:6,(anonymous_0)
FNDA:30,(anonymous_1)
DA:6,7
DA:14,7
DA:15,6
DA:27,30
LF:4
LH:4
BRF:0
BRH:0
end_of_record
TN:
SF:src/components/molecules/Footer/NavLinks3/NavLinks3.tsx
FN:7,(anonymous_0)
FN:19,(anonymous_1)
FNF:2
FNH:2
FNDA:6,(anonymous_0)
FNDA:24,(anonymous_1)
DA:5,7
DA:7,7
DA:8,6
DA:20,24
LF:4
LH:4
BRF:0
BRH:0
end_of_record
TN:
SF:src/components/molecules/FullBanner/FullBanner.tsx
FN:7,(anonymous_0)
FNF:1
FNH:1
FNDA:2,(anonymous_0)
DA:7,3
DA:8,2
DA:9,2
LF:3
LH:3
BRF:0
BRH:0
end_of_record
TN:
SF:src/components/molecules/MyLibraryToggle/MyLibraryToggle.tsx
FN:12,MyLibraryToggle
FN:28,(anonymous_1)
FN:45,(anonymous_2)
FNF:3
FNH:3
FNDA:6,MyLibraryToggle
FNDA:1,(anonymous_1)
FNDA:1,(anonymous_2)
DA:13,6
DA:14,6
DA:15,6
DA:17,6
DA:29,1
DA:30,1
DA:46,1
DA:47,1
LF:8
LH:8
BRDA:33,0,0,3
BRDA:33,0,1,3
BRDA:33,1,0,6
BRDA:33,1,1,0
BRDA:33,1,2,6
BRDA:50,2,0,1
BRDA:50,2,1,5
BRDA:50,3,0,6
BRDA:50,3,1,6
BRF:9
BRH:8
end_of_record
TN:
SF:src/components/molecules/ReadAgain/ReadAgain.tsx
FN:8,(anonymous_0)
FN:20,(anonymous_1)
FNF:2
FNH:2
FNDA:2,(anonymous_0)
FNDA:1,(anonymous_1)
DA:8,3
DA:9,2
DA:21,1
DA:22,1
LF:4
LH:4
BRF:0
BRH:0
end_of_record
TN:
SF:src/components/molecules/SearchBox/SearchBox.tsx
FN:4,(anonymous_0)
FNF:1
FNH:1
FNDA:3,(anonymous_0)
DA:4,3
DA:5,3
DA:6,3
LF:3
LH:3
BRF:0
BRH:0
end_of_record
TN:
SF:src/components/molecules/ToggleTabs/ToggleTabs.tsx
FN:11,ToggleTabs
FN:18,(anonymous_1)
FN:27,(anonymous_2)
FN:34,(anonymous_3)
FNF:4
FNH:4
FNDA:8,ToggleTabs
FNDA:1,(anonymous_1)
FNDA:1,(anonymous_2)
FNDA:1,(anonymous_3)
DA:12,8
DA:14,8
DA:18,1
DA:27,1
DA:34,1
LF:5
LH:5
BRDA:20,0,0,4
BRDA:20,0,1,4
BRDA:28,1,0,0
BRDA:28,1,1,8
BRDA:35,2,0,4
BRDA:35,2,1,4
BRF:6
BRH:5
end_of_record
TN:
SF:src/components/molecules/UserLoggedIn/UserLoggedIn.tsx
FN:11,UserLoggedIn
FN:18,(anonymous_1)
FN:34,(anonymous_2)
FNF:3
FNH:3
FNDA:10,UserLoggedIn
FNDA:3,(anonymous_1)
FNDA:1,(anonymous_2)
DA:12,10
DA:13,10
DA:14,10
DA:18,3
DA:35,1
DA:36,1
LF:6
LH:6
BRDA:21,0,0,7
BRDA:21,0,1,3
BRF:2
BRH:2
end_of_record
TN:
SF:src/components/molecules/View/View.tsx
FN:10,View
FNF:1
FNH:1
FNDA:7,View
DA:11,7
DA:12,7
LF:2
LH:2
BRF:0
BRH:0
end_of_record
TN:
SF:src/components/organisms/BookDetailGrid/BookDetailGrid.tsx
FN:6,BookDetailGrid
FN:35,(anonymous_1)
FNF:2
FNH:1
FNDA:4,BookDetailGrid
FNDA:0,(anonymous_1)
DA:7,4
DA:12,4
DA:18,4
DA:35,0
LF:4
LH:3
BRDA:44,0,0,4
BRDA:44,0,1,0
BRDA:46,1,0,0
BRDA:46,1,1,0
BRF:4
BRH:1
end_of_record
TN:
SF:src/components/organisms/BookGrid/BookGrid.tsx
FN:16,BookGrid
FN:17,(anonymous_1)
FNF:2
FNH:2
FNDA:28,BookGrid
FNDA:9,(anonymous_1)
DA:17,28
DA:18,9
DA:33,15
LF:3
LH:3
BRF:0
BRH:0
end_of_record
TN:
SF:src/components/organisms/CurrentlyReadingGrid/CurrentlyReadingGrid.tsx
FN:6,CurrentlyReadingGrid
FN:8,(anonymous_1)
FN:9,(anonymous_2)
FN:15,(anonymous_3)
FN:16,(anonymous_4)
FN:20,(anonymous_5)
FN:25,(anonymous_6)
FN:32,(anonymous_7)
FN:35,(anonymous_8)
FNF:9
FNH:3
FNDA:3,CurrentlyReadingGrid
FNDA:1,(anonymous_1)
FNDA:1,(anonymous_2)
FNDA:0,(anonymous_3)
FNDA:0,(anonymous_4)
FNDA:0,(anonymous_5)
FNDA:0,(anonymous_6)
FNDA:0,(anonymous_7)
FNDA:0,(anonymous_8)
DA:7,3
DA:8,2
DA:9,1
DA:10,1
DA:11,1
DA:12,1
DA:15,2
DA:16,0
DA:17,0
DA:19,0
DA:20,0
DA:21,0
DA:23,0
DA:26,0
DA:27,0
DA:30,0
DA:33,0
DA:36,0
DA:39,2
LF:19
LH:8
BRF:0
BRH:0
end_of_record
TN:
SF:src/components/organisms/ExploreCard/ExploreCard.tsx
FN:48,(anonymous_0)
FN:49,(anonymous_1)
FN:73,(anonymous_2)
FNF:3
FNH:3
FNDA:8,(anonymous_0)
FNDA:144,(anonymous_1)
FNDA:144,(anonymous_2)
DA:23,7
DA:48,7
DA:49,8
DA:50,144
DA:59,8
DA:74,144
LF:6
LH:6
BRF:0
BRH:0
end_of_record
TN:
SF:src/components/organisms/FinishedReadingGrid/FinishedReadingGrid.tsx
FN:6,FinishedReadingGrid
FN:8,(anonymous_1)
FN:9,(anonymous_2)
FN:14,(anonymous_3)
FN:15,(anonymous_4)
FN:19,(anonymous_5)
FN:24,(anonymous_6)
FN:31,(anonymous_7)
FN:34,(anonymous_8)
FNF:9
FNH:3
FNDA:3,FinishedReadingGrid
FNDA:1,(anonymous_1)
FNDA:1,(anonymous_2)
FNDA:0,(anonymous_3)
FNDA:0,(anonymous_4)
FNDA:0,(anonymous_5)
FNDA:0,(anonymous_6)
FNDA:0,(anonymous_7)
FNDA:0,(anonymous_8)
DA:7,3
DA:8,2
DA:9,1
DA:10,1
DA:11,1
DA:14,2
DA:15,0
DA:16,0
DA:18,0
DA:19,0
DA:20,0
DA:22,0
DA:25,0
DA:26,0
DA:29,0
DA:32,0
DA:35,0
DA:38,2
LF:18
LH:7
BRF:0
BRH:0
end_of_record
TN:
SF:src/components/organisms/Footer/Footer.tsx
FN:9,Footer
FNF:1
FNH:1
FNDA:5,Footer
DA:10,5
LF:1
LH:1
BRF:0
BRH:0
end_of_record
TN:
SF:src/components/organisms/Headers/Headers.tsx
FN:11,Headers
FN:36,(anonymous_1)
FN:43,(anonymous_2)
FN:50,(anonymous_3)
FN:60,(anonymous_4)
FNF:5
FNH:1
FNDA:12,Headers
FNDA:0,(anonymous_1)
FNDA:0,(anonymous_2)
FNDA:0,(anonymous_3)
FNDA:0,(anonymous_4)
DA:12,12
DA:13,7
DA:14,7
DA:15,7
DA:16,7
DA:36,0
DA:43,0
DA:50,0
DA:60,0
LF:9
LH:5
BRDA:57,0,0,0
BRDA:57,0,1,7
BRF:2
BRH:1
end_of_record
TN:
SF:src/components/organisms/TrendingGrid/TrendingGrid.tsx
FN:11,TrendingGrid
FN:13,(anonymous_1)
FN:16,(anonymous_2)
FN:22,(anonymous_3)
FN:23,(anonymous_4)
FN:29,(anonymous_5)
FN:30,(anonymous_6)
FN:36,(anonymous_7)
FNF:8
FNH:7
FNDA:8,TrendingGrid
FNDA:2,(anonymous_1)
FNDA:10,(anonymous_2)
FNDA:2,(anonymous_3)
FNDA:2,(anonymous_4)
FNDA:2,(anonymous_5)
FNDA:2,(anonymous_6)
FNDA:0,(anonymous_7)
DA:12,8
DA:13,6
DA:14,2
DA:16,6
DA:17,10
DA:18,10
DA:21,6
DA:22,6
DA:23,2
DA:24,2
DA:25,2
DA:28,6
DA:29,6
DA:30,2
DA:31,2
DA:32,2
DA:35,6
DA:36,6
DA:37,0
DA:39,6
LF:20
LH:19
BRDA:42,0,0,6
BRDA:42,0,1,4
BRDA:42,0,2,2
BRF:3
BRH:3
end_of_record
TN:
SF:src/components/pages/BookDetailsPage/BookDetailsPage.tsx
FN:7,BookDetailsPage
FNF:1
FNH:1
FNDA:2,BookDetailsPage
DA:8,2
LF:1
LH:1
BRF:0
BRH:0
end_of_record
TN:
SF:src/components/pages/Entrepreneur/Entrepreneur.tsx
FN:10,Entrepreneur
FNF:1
FNH:1
FNDA:2,Entrepreneur
DA:11,2
LF:1
LH:1
BRF:0
BRH:0
end_of_record
TN:
SF:src/components/pages/Library/Library.tsx
FN:9,Library
FN:20,(anonymous_1)
FNF:2
FNH:1
FNDA:2,Library
FNDA:0,(anonymous_1)
DA:10,2
DA:12,1
DA:20,0
LF:3
LH:2
BRF:0
BRH:0
end_of_record
TN:
SF:src/components/pages/LoginPage/LoginPage.tsx
FN:6,LoginPage
FN:33,(anonymous_1)
FN:41,(anonymous_2)
FNF:3
FNH:3
FNDA:3,LoginPage
FNDA:1,(anonymous_1)
FNDA:1,(anonymous_2)
DA:7,3
DA:8,3
DA:33,1
DA:41,1
LF:4
LH:4
BRF:0
BRH:0
end_of_record
TN:
SF:src/components/template/index.tsx
FN:11,Template
FNF:1
FNH:1
FNDA:8,Template
DA:12,8
LF:1
LH:1
BRF:0
BRH:0
end_of_record
TN:
SF:src/redux/DataActiontypes.tsx
FNF:0
FNH:0
DA:1,3
DA:2,3
DA:3,3
LF:3
LH:3
BRF:0
BRH:0
end_of_record
TN:
SF:src/redux/dataActions.tsx
FN:6,(anonymous_0)
FN:11,(anonymous_1)
FN:17,(anonymous_2)
FN:23,(anonymous_3)
FN:24,(anonymous_4)
FN:28,(anonymous_5)
FN:32,(anonymous_6)
FNF:7
FNH:7
FNDA:2,(anonymous_0)
FNDA:2,(anonymous_1)
FNDA:2,(anonymous_2)
FNDA:2,(anonymous_3)
FNDA:2,(anonymous_4)
FNDA:2,(anonymous_5)
FNDA:2,(anonymous_6)
DA:6,3
DA:7,2
DA:11,3
DA:12,2
DA:17,3
DA:18,2
DA:23,3
DA:24,2
DA:25,2
DA:26,2
DA:29,2
DA:30,2
DA:33,2
DA:34,2
LF:14
LH:14
BRF:0
BRH:0
end_of_record
TN:
SF:src/redux/dataReducer.tsx
FN:14,(anonymous_0)
FNF:1
FNH:1
FNDA:8,(anonymous_0)
DA:9,2
DA:14,2
DA:15,8
DA:17,2
DA:22,2
DA:28,2
LF:6
LH:6
BRDA:14,0,0,4
BRDA:15,1,0,2
BRDA:15,1,1,2
BRDA:15,1,2,2
BRF:4
BRH:4
end_of_record
TN:
SF:src/redux/store.tsx
FNF:0
FNH:0
DA:5,2
LF:1
LH:1
BRF:0
BRH:0
end_of_record
TN:
SF:src/theme/index.tsx
FNF:0
FNH:0
DA:37,25
DA:84,25
LF:2
LH:2
BRF:0
BRH:0
end_of_record
